<?xml version="1.0" encoding="UTF-8" standalone="no"?>
<testsuite errors="0" failures="0" name="io.cucumber.core.plugin.JUnitFormatter" skipped="1" tests="1" time="0.209">
    <testcase classname="feature to test google search functionality" name="Validate google search is working" time="0.047">
        <skipped><![CDATA[Given browser window is open................................................undefined
And user is on google search page...........................................undefined
When user enters a text in search box.......................................undefined
And hits enter..............................................................undefined
Then user is navigated to search results....................................undefined
]]></skipped>
    </testcase>
</testsuite>
